<?xml version="1.0" encoding="UTF-8"?>
<testsuite name="com.artsiomhanchar.peopledb.repoasitory.PeopleRepositoryTest" tests="1" skipped="0" failures="0" errors="0" timestamp="2023-04-13T14:00:56" hostname="TBSL-00509" time="0.056">
  <properties/>
  <testcase name="canSave()" classname="com.artsiomhanchar.peopledb.repoasitory.PeopleRepositoryTest" time="0.056"/>
  <system-out><![CDATA[]]></system-out>
  <system-err><![CDATA[]]></system-err>
</testsuite>
